Using pre-set license
Built from '6000.0/staging' branch; Version is '6000.0.37f1 (090b7797214c) revision 592759'; Using compiler version '193933523'; Build Type 'Release'
OS: 'Windows 10  (10.0.19045) 64bit Professional' Language: 'es' Physical Memory: 16332 MB
BatchMode: 1, IsHumanControllingUs: 0, StartBugReporterOnCrash: 0, Is64bit: 1, IsPro: 1

COMMAND LINE ARGUMENTS:
C:\Program Files\Unity\Hub\Editor\6000.0.37f1\Editor\Unity.exe
-adb2
-batchMode
-noUpm
-name
AssetImportWorker0
-projectPath
C:/Users/seill/Documents/ArkanoidParaDos
-logFile
Logs/AssetImportWorker0.log
-srvPort
61997
-job-worker-count
5
-background-job-worker-count
8
-gc-helper-count
1
Successfully changed project path to: C:/Users/seill/Documents/ArkanoidParaDos
C:/Users/seill/Documents/ArkanoidParaDos
[UnityMemory] Configuration Parameters - Can be set up in boot.config
    "memorysetup-bucket-allocator-granularity=16"
    "memorysetup-bucket-allocator-bucket-count=8"
    "memorysetup-bucket-allocator-block-size=33554432"
    "memorysetup-bucket-allocator-block-count=8"
    "memorysetup-main-allocator-block-size=16777216"
    "memorysetup-thread-allocator-block-size=16777216"
    "memorysetup-gfx-main-allocator-block-size=16777216"
    "memorysetup-gfx-thread-allocator-block-size=16777216"
    "memorysetup-cache-allocator-block-size=4194304"
    "memorysetup-typetree-allocator-block-size=2097152"
    "memorysetup-profiler-bucket-allocator-granularity=16"
    "memorysetup-profiler-bucket-allocator-bucket-count=8"
    "memorysetup-profiler-bucket-allocator-block-size=33554432"
    "memorysetup-profiler-bucket-allocator-block-count=8"
    "memorysetup-profiler-allocator-block-size=16777216"
    "memorysetup-profiler-editor-allocator-block-size=1048576"
    "memorysetup-temp-allocator-size-main=16777216"
    "memorysetup-job-temp-allocator-block-size=2097152"
    "memorysetup-job-temp-allocator-block-size-background=1048576"
    "memorysetup-job-temp-allocator-reduction-small-platforms=262144"
    "memorysetup-allocator-temp-initial-block-size-main=262144"
    "memorysetup-allocator-temp-initial-block-size-worker=262144"
    "memorysetup-temp-allocator-size-background-worker=32768"
    "memorysetup-temp-allocator-size-job-worker=262144"
    "memorysetup-temp-allocator-size-preload-manager=33554432"
    "memorysetup-temp-allocator-size-nav-mesh-worker=65536"
    "memorysetup-temp-allocator-size-audio-worker=65536"
    "memorysetup-temp-allocator-size-cloud-worker=32768"
    "memorysetup-temp-allocator-size-gi-baking-worker=262144"
    "memorysetup-temp-allocator-size-gi-baking-worker=262144"
    "memorysetup-temp-allocator-size-gi-baking-worker=262144"
    "memorysetup-temp-allocator-size-gi-baking-worker=262144"
    "memorysetup-temp-allocator-size-gi-baking-worker=262144"
    "memorysetup-temp-allocator-size-gfx=262144"
Player connection [10640]  Target information:

Player connection [10640]  * "[IP] 192.168.1.15 [Port] 0 [Flags] 2 [Guid] 3310546919 [EditorId] 3310546919 [Version] 1048832 [Id] WindowsEditor(7,DESKTOP-KJ4JSPN) [Debug] 1 [PackageName] WindowsEditor [ProjectName] Editor" 

Player connection [10640]  * "[IP] 192.168.56.1 [Port] 0 [Flags] 2 [Guid] 3310546919 [EditorId] 3310546919 [Version] 1048832 [Id] WindowsEditor(7,DESKTOP-KJ4JSPN) [Debug] 1 [PackageName] WindowsEditor [ProjectName] Editor" 

Player connection [10640] Host joined multi-casting on [225.0.0.222:54997]...
Player connection [10640] Host joined alternative multi-casting on [225.0.0.222:34997]...
JobSystem: Creating JobQueue using job-worker-count value 5
Input System module state changed to: Initialized.
[Physics::Module] Initialized fallback backend.
[Physics::Module] Id: 0xdecafbad
Library Redirect Path: Library/
[Physics::Module] Selected backend.
[Physics::Module] Name: PhysX
[Physics::Module] Id: 0xf2b8ea05
[Physics::Module] SDK Version: 4.1.2
[Physics::Module] Integration Version: 1.0.0
[Physics::Module] Threading Mode: Multi-Threaded
Refreshing native plugins compatible for Editor in 1.00 ms, found 2 plugins.
Preloading 0 native plugins for Editor in 0.00 ms.
Initialize engine version: 6000.0.37f1 (090b7797214c)
[Subsystems] Discovering subsystems at path C:/Program Files/Unity/Hub/Editor/6000.0.37f1/Editor/Data/Resources/UnitySubsystems
[Subsystems] Discovering subsystems at path C:/Users/seill/Documents/ArkanoidParaDos/Assets
GfxDevice: creating device client; kGfxThreadingModeNonThreaded
Direct3D:
    Version:  Direct3D 11.0 [level 11.1]
    Renderer: NVIDIA GeForce GTX 1650 (ID=0x1f0a)
    Vendor:   NVIDIA
    VRAM:     3935 MB
    Driver:   32.0.15.6094
Initialize mono
Mono path[0] = 'C:/Program Files/Unity/Hub/Editor/6000.0.37f1/Editor/Data/Managed'
Mono path[1] = 'C:/Program Files/Unity/Hub/Editor/6000.0.37f1/Editor/Data/MonoBleedingEdge/lib/mono/unityjit-win32'
Mono config path = 'C:/Program Files/Unity/Hub/Editor/6000.0.37f1/Editor/Data/MonoBleedingEdge/etc'
Using monoOptions --debugger-agent=transport=dt_socket,embedding=1,server=y,suspend=n,address=127.0.0.1:56308
Begin MonoManager ReloadAssembly
Registering precompiled unity dll's ...
Register platform support module: C:/Program Files/Unity/Hub/Editor/6000.0.37f1/Editor/Data/PlaybackEngines/WindowsStandaloneSupport/UnityEditor.WindowsStandalone.Extensions.dll
Registered in 0.004002 seconds.
- Loaded All Assemblies, in  0.424 seconds
Native extension for WindowsStandalone target not found
Mono: successfully reloaded assembly
- Finished resetting the current domain, in  0.370 seconds
Domain Reload Profiling: 790ms
	BeginReloadAssembly (142ms)
		ExecutionOrderSort (0ms)
		DisableScriptedObjects (0ms)
		BackupInstance (0ms)
		ReleaseScriptingObjects (0ms)
		CreateAndSetChildDomain (1ms)
	RebuildCommonClasses (43ms)
	RebuildNativeTypeToScriptingClass (13ms)
	initialDomainReloadingComplete (53ms)
	LoadAllAssembliesAndSetupDomain (169ms)
		LoadAssemblies (139ms)
		RebuildTransferFunctionScriptingTraits (0ms)
		AnalyzeDomain (165ms)
			TypeCache.Refresh (164ms)
				TypeCache.ScanAssembly (149ms)
			BuildScriptInfoCaches (0ms)
			ResolveRequiredComponents (0ms)
	FinalizeReload (370ms)
		ReleaseScriptCaches (0ms)
		RebuildScriptCaches (0ms)
		SetupLoadedEditorAssemblies (319ms)
			LogAssemblyErrors (0ms)
			InitializePlatformSupportModulesInManaged (31ms)
			SetLoadedEditorAssemblies (5ms)
			BeforeProcessingInitializeOnLoad (57ms)
			ProcessInitializeOnLoadAttributes (168ms)
			ProcessInitializeOnLoadMethodAttributes (58ms)
			AfterProcessingInitializeOnLoad (0ms)
			EditorAssembliesLoaded (0ms)
		ExecutionOrderSort2 (0ms)
		AwakeInstancesAfterBackupRestoration (0ms)
========================================================================
Worker process is ready to serve import requests
Import Worker Mode flag is 0x00
Begin MonoManager ReloadAssembly
- Loaded All Assemblies, in  0.500 seconds
Refreshing native plugins compatible for Editor in 0.64 ms, found 2 plugins.
Native extension for WindowsStandalone target not found
Mono: successfully reloaded assembly
- Finished resetting the current domain, in  0.372 seconds
Domain Reload Profiling: 866ms
	BeginReloadAssembly (187ms)
		ExecutionOrderSort (0ms)
		DisableScriptedObjects (7ms)
		BackupInstance (0ms)
		ReleaseScriptingObjects (0ms)
		CreateAndSetChildDomain (30ms)
	RebuildCommonClasses (41ms)
	RebuildNativeTypeToScriptingClass (15ms)
	initialDomainReloadingComplete (44ms)
	LoadAllAssembliesAndSetupDomain (206ms)
		LoadAssemblies (246ms)
		RebuildTransferFunctionScriptingTraits (0ms)
		AnalyzeDomain (72ms)
			TypeCache.Refresh (68ms)
				TypeCache.ScanAssembly (56ms)
			BuildScriptInfoCaches (2ms)
			ResolveRequiredComponents (1ms)
	FinalizeReload (372ms)
		ReleaseScriptCaches (0ms)
		RebuildScriptCaches (0ms)
		SetupLoadedEditorAssemblies (269ms)
			LogAssemblyErrors (0ms)
			InitializePlatformSupportModulesInManaged (2ms)
			SetLoadedEditorAssemblies (3ms)
			BeforeProcessingInitializeOnLoad (114ms)
			ProcessInitializeOnLoadAttributes (123ms)
			ProcessInitializeOnLoadMethodAttributes (19ms)
			AfterProcessingInitializeOnLoad (8ms)
			EditorAssembliesLoaded (0ms)
		ExecutionOrderSort2 (0ms)
		AwakeInstancesAfterBackupRestoration (8ms)
Launched and connected shader compiler UnityShaderCompiler.exe after 0.02 seconds
Refreshing native plugins compatible for Editor in 0.73 ms, found 2 plugins.
Preloading 0 native plugins for Editor in 0.00 ms.
Unloading 144 Unused Serialized files (Serialized files now loaded: 0)
Unloading 3942 unused Assets / (5.3 MB). Loaded Objects now: 4494.
Memory consumption went from 119.9 MB to 114.6 MB.
Total: 7.239600 ms (FindLiveObjects: 0.486800 ms CreateObjectMapping: 0.181100 ms MarkObjects: 3.821100 ms  DeleteObjects: 2.749500 ms)

========================================================================
Received Import Request.
  Time since last request: 105322.978367 seconds.
  path: Assets/Rojo_scaled_103x_pngcrushed.png
  artifactKey: Guid(e257493b080b9c1a0b1f1342b7c28c83) Importer(815301076,1909f56bfc062723c751e8b465ee728b)
Start importing Assets/Rojo_scaled_103x_pngcrushed.png using Guid(e257493b080b9c1a0b1f1342b7c28c83) Importer(815301076,1909f56bfc062723c751e8b465ee728b) (PreviewImporter) -> (artifact id: '5a4003a8f85bbe631472d583a73c243a') in 0.1336471 seconds
Number of updated asset objects reloaded before import = 0Number of asset objects unloaded after import = 3

========================================================================
Received Import Request.
  Time since last request: 0.000015 seconds.
  path: Assets/Verde_scaled_60x_pngcrushed.png
  artifactKey: Guid(30342a1ddf3a34f459eb24142b2057df) Importer(815301076,1909f56bfc062723c751e8b465ee728b)
Start importing Assets/Verde_scaled_60x_pngcrushed.png using Guid(30342a1ddf3a34f459eb24142b2057df) Importer(815301076,1909f56bfc062723c751e8b465ee728b) (PreviewImporter) -> (artifact id: 'e5d1660ee8e1853e799e6bd921eeb91b') in 0.0149218 seconds
Number of updated asset objects reloaded before import = 0Number of asset objects unloaded after import = 3

========================================================================
Received Import Request.
  Time since last request: 0.000014 seconds.
  path: Assets/Morado_scaled_60x_pngcrushed.png
  artifactKey: Guid(fa37450346aa8ee00818886f07fb9110) Importer(815301076,1909f56bfc062723c751e8b465ee728b)
Start importing Assets/Morado_scaled_60x_pngcrushed.png using Guid(fa37450346aa8ee00818886f07fb9110) Importer(815301076,1909f56bfc062723c751e8b465ee728b) (PreviewImporter) -> (artifact id: '7b180ab942b0bebc9487ae14dd36a6c0') in 0.0166051 seconds
Number of updated asset objects reloaded before import = 0Number of asset objects unloaded after import = 3

========================================================================
Received Import Request.
  Time since last request: 0.000019 seconds.
  path: Assets/azul_scaled_60x_pngcrushed.png
  artifactKey: Guid(4feec075fcaeb34cea4122a0293f06ce) Importer(815301076,1909f56bfc062723c751e8b465ee728b)
Start importing Assets/azul_scaled_60x_pngcrushed.png using Guid(4feec075fcaeb34cea4122a0293f06ce) Importer(815301076,1909f56bfc062723c751e8b465ee728b) (PreviewImporter) -> (artifact id: '6c2daef2a986c312f9dcd03d67636c46') in 0.0160066 seconds
Number of updated asset objects reloaded before import = 0Number of asset objects unloaded after import = 3

========================================================================
Received Import Request.
  Time since last request: 0.000017 seconds.
  path: Assets/Naranja_scaled_60x_pngcrushed.png
  artifactKey: Guid(c8af92b592523d417ba311f56a674018) Importer(815301076,1909f56bfc062723c751e8b465ee728b)
Start importing Assets/Naranja_scaled_60x_pngcrushed.png using Guid(c8af92b592523d417ba311f56a674018) Importer(815301076,1909f56bfc062723c751e8b465ee728b) (PreviewImporter) -> (artifact id: '6a3da42d530478bfd9d4074c5e8f6abf') in 0.0184698 seconds
Number of updated asset objects reloaded before import = 0Number of asset objects unloaded after import = 3

========================================================================
Received Import Request.
  Time since last request: 112.321127 seconds.
  path: Assets/Belevich/Hyper casual mobile GUI/Original artwork/additional controls.psd
  artifactKey: Guid(f5295f5c3aec14643b9d10f178d1f591) Importer(815301076,1909f56bfc062723c751e8b465ee728b)
Start importing Assets/Belevich/Hyper casual mobile GUI/Original artwork/additional controls.psd using Guid(f5295f5c3aec14643b9d10f178d1f591) Importer(815301076,1909f56bfc062723c751e8b465ee728b) (PreviewImporter) -> (artifact id: '42d87700d2509ce76963c7c97c32e808') in 0.0167605 seconds
Number of updated asset objects reloaded before import = 0Number of asset objects unloaded after import = 3

========================================================================
Received Import Request.
  Time since last request: 0.000017 seconds.
  path: Assets/Belevich/Hyper casual mobile GUI/Original artwork/popups.psd
  artifactKey: Guid(a73e0360f63b0904da87598587dcfcbd) Importer(815301076,1909f56bfc062723c751e8b465ee728b)
Start importing Assets/Belevich/Hyper casual mobile GUI/Original artwork/popups.psd using Guid(a73e0360f63b0904da87598587dcfcbd) Importer(815301076,1909f56bfc062723c751e8b465ee728b) (PreviewImporter) -> (artifact id: '952c6850933e52116d9aa692d63ea8b1') in 0.013827 seconds
Number of updated asset objects reloaded before import = 0Number of asset objects unloaded after import = 3

========================================================================
Received Import Request.
  Time since last request: 0.000019 seconds.
  path: Assets/Belevich/Hyper casual mobile GUI/Original artwork/buttons.psd
  artifactKey: Guid(72c12b706a892694bb731bcb76402b7f) Importer(815301076,1909f56bfc062723c751e8b465ee728b)
Start importing Assets/Belevich/Hyper casual mobile GUI/Original artwork/buttons.psd using Guid(72c12b706a892694bb731bcb76402b7f) Importer(815301076,1909f56bfc062723c751e8b465ee728b) (PreviewImporter) -> (artifact id: 'cc2f2c545712815e791630c11555b3d1') in 0.0142671 seconds
Number of updated asset objects reloaded before import = 0Number of asset objects unloaded after import = 3

========================================================================
Received Import Request.
  Time since last request: 3.724662 seconds.
  path: Assets/Belevich/Hyper casual mobile GUI/Original artwork/icons.psd
  artifactKey: Guid(8d65de6fa70bfdb4eaadc8732da94d62) Importer(815301076,1909f56bfc062723c751e8b465ee728b)
Start importing Assets/Belevich/Hyper casual mobile GUI/Original artwork/icons.psd using Guid(8d65de6fa70bfdb4eaadc8732da94d62) Importer(815301076,1909f56bfc062723c751e8b465ee728b) (PreviewImporter) -> (artifact id: 'cba406aea6a9cdb5035d008f0d621ebe') in 0.001151 seconds
Number of updated asset objects reloaded before import = 0Number of asset objects unloaded after import = 1

========================================================================
Received Import Request.
  Time since last request: 2.061305 seconds.
  path: Assets/Buttons/buttons.png
  artifactKey: Guid(9d6738d80b1a977408aa93f3e5b08f36) Importer(815301076,1909f56bfc062723c751e8b465ee728b)
Start importing Assets/Buttons/buttons.png using Guid(9d6738d80b1a977408aa93f3e5b08f36) Importer(815301076,1909f56bfc062723c751e8b465ee728b) (PreviewImporter) -> (artifact id: '5ae735899bd5619fdf64fd2636a3ff9a') in 0.0713149 seconds
Number of updated asset objects reloaded before import = 0Number of asset objects unloaded after import = 3

========================================================================
Received Import Request.
  Time since last request: 0.000013 seconds.
  path: Assets/Buttons/buttons.psd
  artifactKey: Guid(feb7f06d7faf71543b5d62cfec54ed7c) Importer(815301076,1909f56bfc062723c751e8b465ee728b)
Start importing Assets/Buttons/buttons.psd using Guid(feb7f06d7faf71543b5d62cfec54ed7c) Importer(815301076,1909f56bfc062723c751e8b465ee728b) (PreviewImporter) -> (artifact id: '5d742c00a95b6735aa2a2def42d5e34c') in 0.0493248 seconds
Number of updated asset objects reloaded before import = 0Number of asset objects unloaded after import = 3

========================================================================
Received Import Request.
  Time since last request: 0.000023 seconds.
  path: Assets/Buttons/buttons_Back.png
  artifactKey: Guid(a3d7e7cfe6097ac49970377cbf78158f) Importer(815301076,1909f56bfc062723c751e8b465ee728b)
Start importing Assets/Buttons/buttons_Back.png using Guid(a3d7e7cfe6097ac49970377cbf78158f) Importer(815301076,1909f56bfc062723c751e8b465ee728b) (PreviewImporter) -> (artifact id: '509aa8ce4118d75923a242ff228dab7d') in 0.0466215 seconds
Number of updated asset objects reloaded before import = 0Number of asset objects unloaded after import = 3

